IMKit/build/intermediates/manifest_merge_blame_file/debug/manifest-merger-blame-debug-report.txt
1<?xml version="1.0" encoding="utf-8"?>
2<manifest xmlns:android="http://schemas.android.com/apk/res/android"
3    package="io.rong.imkit"
4    android:versionCode="2019102520"
5    android:versionName="2.10.0 release" >
6
7    <uses-sdk
8        android:minSdkVersion="21"
8-->src/main/AndroidManifest.xml
9        android:targetSdkVersion="29" />
9-->src/main/AndroidManifest.xml
10
11    <!-- 访问相册，访问文件系统等 -->
12    <uses-permission android:name="android.permission.READ_EXTERNAL_STORAGE" />
12-->src/main/AndroidManifest.xml:6:5-80
12-->src/main/AndroidManifest.xml:6:22-77
13    <!-- 发送位置消息，实时位置共享 -->
14    <uses-permission android:name="android.permission.ACCESS_COARSE_LOCATION" />
14-->src/main/AndroidManifest.xml:8:5-81
14-->src/main/AndroidManifest.xml:8:22-78
15    <!-- 拍照 -->
16    <uses-permission android:name="android.permission.CAMERA" />
16-->src/main/AndroidManifest.xml:10:5-65
16-->src/main/AndroidManifest.xml:10:22-62
17    <!-- 拍照等 -->
18    <uses-permission android:name="android.permission.WRITE_SETTINGS" />
18-->src/main/AndroidManifest.xml:12:5-73
18-->src/main/AndroidManifest.xml:12:22-70
19    <!-- 音视频 -->
20    <uses-permission android:name="android.permission.SYSTEM_ALERT_WINDOW" />
20-->src/main/AndroidManifest.xml:14:5-78
20-->src/main/AndroidManifest.xml:14:22-75
21    <uses-permission android:name="android.permission.INTERACT_ACROSS_USERS_FULL" />
21-->src/main/AndroidManifest.xml:15:5-85
21-->src/main/AndroidManifest.xml:15:22-82
22    <!-- 网络 -->
23    <uses-permission android:name="android.permission.CHANGE_WIFI_STATE" />
23-->src/main/AndroidManifest.xml:17:5-76
23-->src/main/AndroidManifest.xml:17:22-73
24    <uses-permission android:name="android.permission.INTERNET" />
24-->src/main/AndroidManifest.xml:18:5-67
24-->src/main/AndroidManifest.xml:18:22-64
25    <uses-permission android:name="android.permission.ACCESS_NETWORK_STATE" />
25-->src/main/AndroidManifest.xml:19:5-79
25-->src/main/AndroidManifest.xml:19:22-76
26    <uses-permission android:name="android.permission.ACCESS_WIFI_STATE" />
26-->src/main/AndroidManifest.xml:20:5-76
26-->src/main/AndroidManifest.xml:20:22-73
27    <!-- 录音 -->
28    <uses-permission android:name="android.permission.RECORD_AUDIO" />
28-->src/main/AndroidManifest.xml:22:5-71
28-->src/main/AndroidManifest.xml:22:22-68
29    <!-- 使用ActivityManager需要 -->
30    <uses-permission android:name="android.permission.GET_TASKS" />
30-->src/main/AndroidManifest.xml:24:5-68
30-->src/main/AndroidManifest.xml:24:22-65
31    <!-- 适配 Android 8.0 -->
32    <uses-permission android:name="android.permission.REQUEST_INSTALL_PACKAGES" />
32-->src/main/AndroidManifest.xml:26:5-83
32-->src/main/AndroidManifest.xml:26:22-80
33    <!-- 保存图片，拍照等 -->
34    <uses-permission android:name="android.permission.WRITE_EXTERNAL_STORAGE" />
34-->src/main/AndroidManifest.xml:28:5-81
34-->src/main/AndroidManifest.xml:28:22-78
35    <!-- 新消息震动提醒 -->
36    <uses-permission android:name="android.permission.VIBRATE" />
36-->src/main/AndroidManifest.xml:30:5-66
36-->src/main/AndroidManifest.xml:30:22-63
37
38    <application>
38-->src/main/AndroidManifest.xml:32:5-149:19
39        <activity
39-->src/main/AndroidManifest.xml:34:9-36:52
40            android:name="io.rong.imkit.plugin.location.AMapLocationActivity"
40-->src/main/AndroidManifest.xml:35:13-78
41            android:screenOrientation="portrait" />
41-->src/main/AndroidManifest.xml:36:13-49
42        <activity
42-->src/main/AndroidManifest.xml:37:9-39:52
43            android:name="io.rong.imkit.plugin.location.AMapLocationActivity2D"
43-->src/main/AndroidManifest.xml:38:13-80
44            android:screenOrientation="portrait" />
44-->src/main/AndroidManifest.xml:39:13-49
45        <activity android:name="io.rong.imkit.plugin.location.AMapPreviewActivity" />
45-->src/main/AndroidManifest.xml:41:9-86
45-->src/main/AndroidManifest.xml:41:19-83
46        <activity android:name="io.rong.imkit.plugin.location.AMapPreviewActivity2D" />
46-->src/main/AndroidManifest.xml:42:9-88
46-->src/main/AndroidManifest.xml:42:19-85
47        <activity android:name="io.rong.imkit.plugin.location.AMapRealTimeActivity" />
47-->src/main/AndroidManifest.xml:44:9-87
47-->src/main/AndroidManifest.xml:44:19-84
48        <activity android:name="io.rong.imkit.plugin.location.AMapRealTimeActivity2D" />
48-->src/main/AndroidManifest.xml:45:9-89
48-->src/main/AndroidManifest.xml:45:19-86
49        <activity
49-->src/main/AndroidManifest.xml:47:9-50:71
50            android:name="io.rong.imkit.plugin.location.SearchLocationActivity"
50-->src/main/AndroidManifest.xml:48:13-80
51            android:screenOrientation="portrait"
51-->src/main/AndroidManifest.xml:49:13-49
52            android:windowSoftInputMode="stateVisible|adjustResize" />
52-->src/main/AndroidManifest.xml:50:13-68
53        <activity
53-->src/main/AndroidManifest.xml:52:9-55:52
54            android:name="io.rong.imkit.plugin.image.PictureSelectorActivity"
54-->src/main/AndroidManifest.xml:53:13-78
55            android:configChanges="keyboardHidden|orientation|screenSize"
55-->src/main/AndroidManifest.xml:54:13-74
56            android:screenOrientation="portrait" />
56-->src/main/AndroidManifest.xml:55:13-49
57        <activity
57-->src/main/AndroidManifest.xml:57:9-59:52
58            android:name="io.rong.imkit.plugin.image.PicturePreviewActivity"
58-->src/main/AndroidManifest.xml:58:13-77
59            android:screenOrientation="portrait" />
59-->src/main/AndroidManifest.xml:59:13-49
60
61        <!-- 开发者可以修改 RongBaseActivity 的 rc_base_activity_layout 布局文件调整 actionbar -->
62        <activity
62-->src/main/AndroidManifest.xml:62:9-70:20
63            android:name="io.rong.imkit.tools.RongWebviewActivity"
63-->src/main/AndroidManifest.xml:63:13-67
64            android:exported="false"
64-->src/main/AndroidManifest.xml:64:13-37
65            android:screenOrientation="portrait" >
65-->src/main/AndroidManifest.xml:65:13-49
66            <intent-filter>
66-->src/main/AndroidManifest.xml:66:13-69:29
67                <action android:name="io.rong.imkit.intent.action.webview" />
67-->src/main/AndroidManifest.xml:67:17-78
67-->src/main/AndroidManifest.xml:67:25-75
68
69                <category android:name="android.intent.category.DEFAULT" />
69-->src/main/AndroidManifest.xml:68:17-76
69-->src/main/AndroidManifest.xml:68:27-73
70            </intent-filter>
71        </activity>
72        <activity
72-->src/main/AndroidManifest.xml:72:9-80:20
73            android:name="io.rong.imkit.tools.CombineWebViewActivity"
73-->src/main/AndroidManifest.xml:73:13-70
74            android:exported="false"
74-->src/main/AndroidManifest.xml:74:13-37
75            android:screenOrientation="portrait" >
75-->src/main/AndroidManifest.xml:75:13-49
76            <intent-filter>
76-->src/main/AndroidManifest.xml:76:13-79:29
77                <action android:name="io.rong.imkit.intent.action.combinewebview" />
77-->src/main/AndroidManifest.xml:77:17-85
77-->src/main/AndroidManifest.xml:77:25-82
78
79                <category android:name="android.intent.category.DEFAULT" />
79-->src/main/AndroidManifest.xml:68:17-76
79-->src/main/AndroidManifest.xml:68:27-73
80            </intent-filter>
81        </activity>
82        <activity
82-->src/main/AndroidManifest.xml:82:9-85:52
83            android:name="io.rong.imkit.widget.provider.TakingPicturesActivity"
83-->src/main/AndroidManifest.xml:83:13-80
84            android:configChanges="orientation|keyboardHidden"
84-->src/main/AndroidManifest.xml:84:13-63
85            android:screenOrientation="portrait" />
85-->src/main/AndroidManifest.xml:85:13-49
86        <activity
86-->src/main/AndroidManifest.xml:87:9-95:20
87            android:name="io.rong.imkit.activity.PicturePagerActivity"
87-->src/main/AndroidManifest.xml:88:13-71
88            android:exported="false"
88-->src/main/AndroidManifest.xml:89:13-37
89            android:theme="@android:style/Theme.NoTitleBar.Fullscreen" >
89-->src/main/AndroidManifest.xml:90:13-71
90            <intent-filter>
90-->src/main/AndroidManifest.xml:91:13-94:29
91                <action android:name="io.rong.imkit.intent.action.picturepagerview" />
91-->src/main/AndroidManifest.xml:92:17-87
91-->src/main/AndroidManifest.xml:92:25-84
92
93                <category android:name="android.intent.category.DEFAULT" />
93-->src/main/AndroidManifest.xml:68:17-76
93-->src/main/AndroidManifest.xml:68:27-73
94            </intent-filter>
95        </activity>
96        <activity
96-->src/main/AndroidManifest.xml:97:9-100:67
97            android:name="io.rong.imkit.mention.MemberMentionedActivity"
97-->src/main/AndroidManifest.xml:98:13-73
98            android:configChanges="orientation|keyboardHidden"
98-->src/main/AndroidManifest.xml:99:13-63
99            android:windowSoftInputMode="adjustPan|stateHidden" />
99-->src/main/AndroidManifest.xml:100:13-64
100        <activity android:name="io.rong.imkit.activity.FileManagerActivity" />
100-->src/main/AndroidManifest.xml:101:9-79
100-->src/main/AndroidManifest.xml:101:19-76
101        <activity android:name="io.rong.imkit.activity.FileListActivity" />
101-->src/main/AndroidManifest.xml:102:9-76
101-->src/main/AndroidManifest.xml:102:19-73
102        <activity
102-->src/main/AndroidManifest.xml:103:9-111:20
103            android:name="io.rong.imkit.activity.FilePreviewActivity"
103-->src/main/AndroidManifest.xml:104:13-70
104            android:exported="false"
104-->src/main/AndroidManifest.xml:105:13-37
105            android:screenOrientation="portrait" >
105-->src/main/AndroidManifest.xml:106:13-49
106            <intent-filter>
106-->src/main/AndroidManifest.xml:107:13-110:29
107                <action android:name="io.rong.imkit.intent.action.openfile" />
107-->src/main/AndroidManifest.xml:108:17-79
107-->src/main/AndroidManifest.xml:108:25-76
108
109                <category android:name="android.intent.category.DEFAULT" />
109-->src/main/AndroidManifest.xml:68:17-76
109-->src/main/AndroidManifest.xml:68:27-73
110            </intent-filter>
111        </activity>
112        <activity
112-->src/main/AndroidManifest.xml:112:9-120:20
113            android:name="io.rong.imkit.activity.WebFilePreviewActivity"
113-->src/main/AndroidManifest.xml:113:13-73
114            android:exported="false"
114-->src/main/AndroidManifest.xml:114:13-37
115            android:screenOrientation="portrait" >
115-->src/main/AndroidManifest.xml:115:13-49
116            <intent-filter>
116-->src/main/AndroidManifest.xml:116:13-119:29
117                <action android:name="io.rong.imkit.intent.action.openwebfile" />
117-->src/main/AndroidManifest.xml:117:17-82
117-->src/main/AndroidManifest.xml:117:25-79
118
119                <category android:name="android.intent.category.DEFAULT" />
119-->src/main/AndroidManifest.xml:68:17-76
119-->src/main/AndroidManifest.xml:68:27-73
120            </intent-filter>
121        </activity>
122        <activity
122-->src/main/AndroidManifest.xml:122:9-125:52
123            android:name="io.rong.imkit.activity.CSLeaveMessageActivity"
123-->src/main/AndroidManifest.xml:123:13-60
124            android:configChanges="orientation|keyboardHidden"
124-->src/main/AndroidManifest.xml:124:13-63
125            android:screenOrientation="portrait" />
125-->src/main/AndroidManifest.xml:125:13-49
126        <activity
126-->src/main/AndroidManifest.xml:127:9-135:20
127            android:name="io.rong.imkit.activity.GIFPreviewActivity"
127-->src/main/AndroidManifest.xml:128:13-69
128            android:exported="false"
128-->src/main/AndroidManifest.xml:129:13-37
129            android:theme="@android:style/Theme.NoTitleBar.Fullscreen" >
129-->src/main/AndroidManifest.xml:130:13-71
130            <intent-filter>
130-->src/main/AndroidManifest.xml:131:13-134:29
131                <action android:name="io.rong.imkit.intent.action.gifrview" />
131-->src/main/AndroidManifest.xml:132:17-79
131-->src/main/AndroidManifest.xml:132:25-76
132
133                <category android:name="android.intent.category.DEFAULT" />
133-->src/main/AndroidManifest.xml:68:17-76
133-->src/main/AndroidManifest.xml:68:27-73
134            </intent-filter>
135        </activity>
136        <activity android:name="io.rong.imkit.activity.SelectConversationActivity" />
136-->src/main/AndroidManifest.xml:137:9-86
136-->src/main/AndroidManifest.xml:137:19-83
137        <!-- 此部分代码需要移植到您的 app 下的 manifest，并且 authorities 指定您的包名。例如：com.android.FileProvider -->
138        <!-- 否则使用拍照功能时，会崩溃 -->
139        <!-- <provider -->
140        <!-- android:name="android.support.v4.content.FileProvider" -->
141        <!-- android:authorities="包名.FileProvider" -->
142        <!-- android:grantUriPermissions="true" -->
143        <!-- android:exported="false"> -->
144        <!-- <meta-data -->
145        <!-- android:name="android.support.FILE_PROVIDER_PATHS" -->
146        <!-- android:resource="@xml/rc_file_path"/> -->
147        <!-- </provider> -->
148    </application>
149
150</manifest>